NC_025251.1,NC_025251.1,100.000,11900,0,0,1,11900,1,11900,0.0,17685
NC_025251.1,NC_025385.1,77.810,12037,2400,180,1,11900,1,11903,0.0,7900
NC_025251.1,NC_009528.2,77.269,12063,2446,168,1,11900,1,11930,0.0,7713
NC_025251.1,NC_020808.1,75.921,12077,2572,212,1,11900,1,11918,0.0,7080
NC_025251.1,NC_009527.1,75.108,6721,1529,104,5256,11900,5314,11966,0.0,3726
NC_025253.1,NC_025253.1,100.000,12233,0,0,1,12233,1,12233,0.0,18180
NC_025253.1,NC_025389.1,70.635,126,27,8,7313,7433,8651,8771,2.66e-04,47.4
NC_025253.1,NC_025401.1,74.419,86,7,9,7320,7397,6230,6308,7.44e-04,45.9
NC_025253.1,NC_001560.1,71.429,105,22,7,7319,7419,6264,6364,0.006,43.0
NC_025253.1,NC_001781.1,91.176,34,3,0,6844,6877,9781,9814,0.016,41.5
NC_025256.1,NC_025256.1,100.000,18530,0,0,1,18530,1,18530,0.0,27537
NC_025256.1,NC_001906.3,64.924,6486,1473,504,11693,17786,11424,17499,0.0,1035
NC_025256.1,NC_025352.1,64.461,4699,1044,375,12137,16543,11954,16318,0.0,689
NC_025256.1,NC_025351.1,64.342,4044,981,300,13800,17614,13450,17261,9.18e-156,551
NC_025256.1,NC_007454.1,64.662,2844,638,224,13829,16489,14235,16894,7.14e-121,435
NC_025264.1,NC_025264.1,100.000,16004,0,0,1,16004,1,16004,0.0,23784
NC_025264.1,NC_028249.1,65.940,5458,1293,327,9487,14693,9664,14806,0.0,1141
NC_025264.1,NC_001921.1,65.502,6183,1440,450,8810,14672,8970,14779,0.0,1112
NC_025264.1,NC_001498.1,65.402,5402,1315,346,9523,14675,9890,14986,0.0,983
NC_025264.1,NC_006296.2,66.488,4297,1055,245,9523,13647,9878,13961,0.0,959
NC_025343.1,NC_025343.1,100.000,15480,0,0,1,15480,1,15480,0.0,23005
NC_025343.1,NC_025350.1,69.621,7176,1638,332,8576,15480,8330,15234,0.0,2476
NC_025343.1,NC_025348.1,66.638,6867,1613,414,8575,15103,8535,15061,0.0,1583
NC_025343.1,NC_025403.1,67.385,5758,1363,314,9078,14580,9222,14719,0.0,1497
NC_025343.1,NC_025404.1,66.729,5362,1259,325,9314,14412,9349,14448,0.0,1249
NC_025344.1,NC_025344.1,100.000,14885,0,0,1,14885,1,14885,0.0,22118
NC_025344.1,NC_006579.1,95.782,14890,617,8,2,14885,1,14885,0.0,19793
NC_025344.1,NC_001781.1,66.463,4419,963,314,9057,13199,9245,13420,0.0,982
NC_025344.1,NC_004148.2,65.752,3790,859,267,8918,12486,7547,11118,0.0,741
NC_025344.1,NC_007454.1,66.507,209,44,19,10470,10665,14317,14512,0.003,44.4
NC_025347.1,NC_025347.1,100.000,15480,0,0,1,15480,1,15480,0.0,23005
NC_025347.1,NC_025407.1,64.953,3307,781,234,9487,12586,10878,14013,1.32e-153,543
NC_025347.1,NC_025348.1,65.825,1109,236,88,9982,11013,10121,11163,1.22e-55,218
NC_025347.1,NC_025403.1,63.028,2391,536,216,9496,11703,9809,12034,5.87e-53,209
NC_025347.1,NC_003443.1,63.446,1863,397,175,9985,11696,10335,12064,1.37e-47,191
NC_025348.1,NC_025348.1,100.000,15432,0,0,1,15432,1,15432,0.0,22931
NC_025348.1,NC_025403.1,66.490,11158,2495,741,4974,15432,5012,15624,0.0,2515
NC_025348.1,NC_025404.1,67.265,6791,1563,401,8509,14958,8565,15036,0.0,1729
NC_025348.1,NC_025350.1,66.831,6883,1569,447,8536,15060,8330,14856,0.0,1615
NC_025348.1,NC_025343.1,66.628,6865,1617,410,8535,15061,8575,15103,0.0,1583
NC_025350.1,NC_025350.1,100.000,15234,0,0,1,15234,1,15234,0.0,22640
NC_025350.1,NC_025343.1,69.629,7178,1634,336,8330,15234,8576,15480,0.0,2476
NC_025350.1,NC_025348.1,66.827,6882,1571,445,8330,14856,8536,15060,0.0,1615
NC_025350.1,NC_025403.1,66.981,6048,1431,338,8326,14091,8712,14475,0.0,1488
NC_025350.1,NC_025404.1,67.040,5443,1232,341,8981,14142,9263,14424,0.0,1337
NC_025351.1,NC_025351.1,100.000,18162,0,0,1,18162,1,18162,0.0,26991
NC_025351.1,NC_001906.3,65.705,4161,1024,283,13443,17397,13500,17463,0.0,763
NC_025351.1,NC_025352.1,65.731,2921,683,198,13458,16219,13586,16347,3.03e-160,566
NC_025351.1,NC_025256.1,64.333,4043,983,298,13450,17261,13800,17614,8.99e-156,551
NC_025351.1,NC_007454.1,65.262,2729,635,186,13447,16021,14211,16780,7.03e-138,491
NC_025353.1,NC_025353.1,100.000,11070,0,0,1,11070,1,11070,0.0,16452
NC_025353.1,NC_001560.1,69.180,11246,2629,512,1,10797,1,10858,0.0,3698
NC_025353.1,NC_020806.1,66.550,5151,1219,315,5349,10247,5371,10269,0.0,1161
NC_025353.1,NC_025356.1,65.751,4733,1098,327,5724,10199,5785,10251,0.0,916
NC_025353.1,NC_002803.1,64.952,5153,1174,388,5337,10176,5313,10146,0.0,843
NC_025355.1,NC_025355.1,100.000,19152,0,0,1,19152,1,19152,0.0,28462
NC_025355.1,NC_007803.1,73.228,10414,2206,338,1,10093,1,10153,0.0,5050
NC_025355.1,NC_007454.1,70.205,6924,1509,311,12423,19025,12139,18829,0.0,2576
NC_025355.1,NC_005339.1,65.722,4201,919,288,13311,17219,10742,14713,0.0,854
NC_025355.1,NC_017937.1,65.588,3801,864,258,13573,17116,9627,13240,0.0,738
NC_025356.1,NC_025356.1,100.000,11097,0,0,1,11097,1,11097,0.0,16492
NC_025356.1,NC_025371.1,82.712,11135,1824,75,7,11093,1,11082,0.0,9364
NC_025356.1,NC_025376.1,77.800,11234,2213,177,7,11097,1,11096,0.0,7376
NC_025356.1,NC_002803.1,73.856,11318,2409,345,16,11097,16,11019,0.0,5723
NC_025356.1,NC_025353.1,65.738,4737,1092,330,5785,10251,5724,10199,0.0,916
NC_025358.1,NC_025358.1,100.000,15024,0,0,1,15024,1,15024,0.0,22328
NC_025358.1,NC_002526.1,73.931,15417,3109,512,1,15024,1,14900,0.0,7896
NC_025358.1,NC_025396.1,67.657,7940,1675,520,7571,15024,7910,15442,0.0,2151
NC_025358.1,NC_025397.1,64.682,2990,661,249,9613,12397,7658,10457,4.28e-124,445
NC_025358.1,NC_025353.1,64.431,2699,621,201,9864,12397,5955,8479,3.15e-110,399
NC_025360.1,NC_025360.1,100.000,16968,0,0,1,16968,1,16968,0.0,25216
NC_025360.1,NC_003461.1,65.548,4171,991,283,10872,14819,9462,13409,0.0,772
NC_025360.1,NC_025402.1,64.868,4207,994,306,10863,14827,9255,13219,0.0,668
NC_025360.1,NC_001796.2,65.245,3516,846,237,10875,14202,9339,12666,4.89e-175,615
NC_025360.1,NC_006296.2,63.745,2339,586,160,11246,13441,10262,12481,9.89e-76,285
NC_025363.1,NC_025363.1,100.000,15312,0,0,1,15312,1,15312,0.0,22756
NC_025363.1,NC_002617.1,65.500,4971,1147,347,9396,14085,9246,13929,0.0,924
NC_025363.1,NC_005036.1,64.913,5512,1247,416,8978,14148,8834,13999,0.0,900
NC_025363.1,NC_025390.1,64.809,4808,1169,326,9575,14117,9734,14283,0.0,765
NC_025363.1,NC_025347.1,62.641,1689,373,143,9522,11064,9460,11036,3.56e-34,146
NC_025365.1,NC_025365.1,100.000,12045,0,0,1,12045,1,12045,0.0,17901
NC_025365.1,NC_020807.1,75.397,6613,1470,114,5509,12045,5485,12016,0.0,3732
NC_025365.1,NC_025251.1,72.330,6733,1571,195,5446,12045,5327,11900,0.0,3013
NC_025365.1,NC_020809.1,72.522,6558,1570,155,5446,11889,5404,11843,0.0,2995
NC_025365.1,NC_009528.2,72.294,6688,1540,213,5505,12045,5409,11930,0.0,2974
NC_025371.1,NC_025371.1,100.000,11082,0,0,1,11082,1,11082,0.0,16465
NC_025371.1,NC_025356.1,82.712,11135,1824,75,1,11082,7,11093,0.0,9364
NC_025371.1,NC_025376.1,78.712,11180,2194,123,1,11082,1,11092,0.0,7731
NC_025371.1,NC_002803.1,73.496,11304,2461,307,10,11082,16,11015,0.0,5613
NC_025371.1,NC_025353.1,67.404,2982,709,163,5774,8622,5724,8575,0.0,775
NC_025373.1,NC_025373.1,100.000,16182,0,0,1,16182,1,16182,0.0,24041
NC_025373.1,NC_019531.1,65.695,1166,265,86,174,1272,187,1284,1.62e-56,221
NC_025373.1,NC_005036.1,62.803,1734,361,163,9556,11129,9230,10839,1.71e-35,151
NC_025373.1,NC_025407.1,64.436,1001,216,84,9578,10508,10723,11653,3.76e-34,146
NC_025373.1,NC_025347.1,69.072,388,88,16,10586,10956,10410,10782,4.00e-30,133
NC_025376.1,NC_025376.1,100.000,11096,0,0,1,11096,1,11096,0.0,16491
NC_025376.1,NC_025371.1,78.712,11180,2194,123,1,11092,1,11082,0.0,7731
NC_025376.1,NC_025356.1,77.800,11234,2213,177,1,11096,7,11097,0.0,7376
NC_025376.1,NC_002803.1,73.959,11290,2451,297,10,11096,16,11019,0.0,5778
NC_025376.1,NC_025353.1,65.212,4536,1069,311,5782,10056,5722,10009,0.0,796
NC_025377.1,NC_025377.1,100.000,12278,0,0,1,12278,1,12278,0.0,18247
NC_025377.1,NC_025365.1,71.065,6563,1547,235,5769,12155,5511,11897,0.0,2612
NC_025377.1,NC_020807.1,70.708,6582,1534,260,5769,12153,5487,11871,0.0,2527
NC_025377.1,NC_020809.1,70.212,6731,1569,267,5769,12278,5465,11980,0.0,2482
NC_025377.1,KF154997.1,70.494,6558,1553,246,5785,12151,5424,11790,0.0,2476
NC_025379.1,NC_025379.1,100.000,6706,0,0,1,6706,1,6706,0.0,9967
NC_025379.1,NC_022249.1,73.915,5620,1185,168,46,5517,26,5512,0.0,2866
NC_025379.1,KM017742.1,73.258,5725,1183,186,45,5559,25,5611,0.0,2803
NC_025379.1,NC_026814.1,64.468,4306,946,329,1372,5426,1384,5356,0.0,662
NC_025379.1,NC_034975.1,69.756,1845,414,92,3271,5047,1,1769,0.0,641
NC_025352.1,NC_025352.1,100.000,18406,0,0,1,18406,1,18406,0.0,27353
NC_025352.1,NC_001906.3,65.847,4597,1057,307,11979,16306,11893,16245,0.0,925
NC_025352.1,NC_025256.1,64.468,4700,1042,377,11954,16318,12137,16543,0.0,689
NC_025352.1,NC_007454.1,64.230,4582,995,351,12152,16478,12913,17105,0.0,678
NC_025352.1,NC_025351.1,65.676,2928,673,202,13586,16347,13458,16219,3.07e-160,566
NC_025384.1,NC_025384.1,100.000,11190,0,0,1,11190,1,11190,0.0,16630
NC_025384.1,NC_022755.1,67.454,593,125,36,6311,6869,5986,6544,3.12e-39,163
NC_025384.1,NC_020806.1,65.951,699,174,36,6203,6869,6196,6862,1.18e-35,151
NC_025384.1,NC_025387.1,65.590,805,194,55,6178,6939,6505,7269,3.31e-35,149
NC_025384.1,NC_008514.1,66.878,631,145,42,6266,6864,6701,7299,9.28e-35,148
KJ690629.1,KJ690629.1,100.000,8851,0,0,1,8851,1,8851,0.0,13063
KJ690629.1,NC_023857.1,89.538,8861,906,15,1,8849,192,9043,0.0,9777
KJ690629.1,NC_024769.1,81.038,8997,1418,171,1,8849,231,9087,0.0,7047
KJ690629.1,NC_024768.1,84.394,6177,873,52,2711,8849,2936,9059,0.0,5634
KJ690629.1,NC_028964.1,67.480,369,72,29,8104,8444,7604,7952,1.19e-19,97.9
NC_025385.1,NC_025385.1,100.000,11903,0,0,1,11903,1,11903,0.0,17690
NC_025385.1,NC_009528.2,78.318,12047,2351,163,1,11903,1,11930,0.0,8153
NC_025385.1,NC_025251.1,77.821,12034,2404,179,1,11903,1,11900,0.0,7900
NC_025385.1,NC_020808.1,77.134,12066,2448,200,1,11903,1,11918,0.0,7616
NC_025385.1,NC_009527.1,74.324,12171,2652,301,1,11903,1,11966,0.0,6383
NC_025387.1,NC_025387.1,100.000,11492,0,0,1,11492,1,11492,0.0,17079
NC_025387.1,NC_020803.1,65.014,3287,806,193,5862,8962,5905,9033,8.19e-166,583
NC_025387.1,NC_025356.1,65.045,3370,778,254,5672,8844,5371,8537,7.24e-157,554
NC_025387.1,KP876483.1,65.328,2939,683,201,6083,8871,6191,8943,4.73e-151,534
NC_025387.1,NC_025371.1,65.232,2974,687,206,6038,8844,5733,8526,3.71e-150,531
NC_025389.1,NC_025389.1,100.000,13100,0,0,1,13100,1,13100,0.0,19469
NC_025389.1,NC_016136.1,65.296,4256,967,305,7135,11130,6934,10939,0.0,765
NC_025389.1,NC_003746.1,65.343,831,186,67,8694,9473,9484,10263,2.39e-33,144
NC_025389.1,NC_006942.1,66.538,520,118,39,8707,9198,7732,8223,5.92e-24,112
NC_025389.1,NC_005975.1,63.295,880,245,50,8448,9287,7567,8408,3.87e-18,93.5
NC_025390.1,NC_025390.1,100.000,15438,0,0,1,15438,1,15438,0.0,22943
NC_025390.1,NC_002617.1,67.358,5254,1232,303,9555,14571,9246,14253,0.0,1347
NC_025390.1,NC_005036.1,66.939,5635,1310,355,9206,14568,8903,14256,0.0,1338
NC_025390.1,NC_025363.1,64.809,4808,1169,326,9734,14283,9575,14117,0.0,765
NC_025390.1,NC_025373.1,63.071,1335,305,117,9710,10969,9735,10956,4.05e-26,120
NC_025396.1,NC_025396.1,100.000,15442,0,0,1,15442,1,15442,0.0,22949
NC_025396.1,NC_002526.1,68.643,7271,1600,413,8510,15442,7972,14900,0.0,2228
NC_025396.1,NC_025358.1,67.653,7939,1677,518,7910,15442,7571,15024,0.0,2151
NC_025396.1,NC_025353.1,67.434,1520,334,97,10074,11512,5732,7171,9.07e-110,398
NC_025396.1,NC_025356.1,63.933,3000,637,253,10164,12946,5883,8654,7.12e-109,395
NC_025397.1,NC_025397.1,100.000,13203,0,0,1,13203,1,13203,0.0,19622
NC_025397.1,NC_025358.1,64.670,2989,663,247,7658,10457,9613,12397,3.76e-124,445
NC_025397.1,NC_002526.1,64.351,2951,697,221,7677,10457,9511,12276,9.31e-115,414
NC_025397.1,NC_025396.1,63.883,3054,692,244,7617,10471,10002,12843,2.94e-106,386
NC_025397.1,KP876483.1,65.969,1481,336,106,7684,9080,6194,7590,7.24e-80,298
NC_025401.1,NC_025401.1,100.000,11056,0,0,1,11056,1,11056,0.0,16431
NC_025401.1,NC_001560.1,63.931,2035,461,163,5751,7638,5786,7694,2.59e-68,259
NC_025401.1,NC_022755.1,65.404,1425,309,122,5745,7076,5423,6756,2.16e-63,243
NC_025401.1,KP876483.1,64.523,1804,409,160,5749,7429,6186,7881,4.74e-62,239
NC_025401.1,NC_025371.1,64.778,1465,332,109,5746,7116,5769,7143,1.33e-61,237
NC_025402.1,NC_025402.1,100.000,15396,0,0,1,15396,1,15396,0.0,22880
NC_025402.1,NC_003461.1,70.394,10839,2429,501,4951,15396,5149,15600,0.0,4022
NC_025402.1,NC_001796.2,66.795,8541,1863,568,7113,15184,7232,15268,0.0,2037
NC_025402.1,NC_025360.1,64.882,4203,1000,303,9255,13219,10863,14827,0.0,668
NC_025402.1,NC_017937.1,63.850,3018,695,254,9635,12442,9623,12454,1.87e-95,350
NC_025403.1,NC_025403.1,100.000,15624,0,0,1,15624,1,15624,0.0,23219
NC_025403.1,NC_025348.1,66.481,11155,2501,735,5012,15624,4974,15432,0.0,2515
NC_025403.1,NC_025343.1,67.408,5756,1365,315,9222,14719,9078,14580,0.0,1497
NC_025403.1,NC_025350.1,66.981,6048,1431,338,8712,14475,8326,14091,0.0,1488
NC_025403.1,NC_025404.1,66.214,6917,1583,457,8684,15214,8564,15112,0.0,1479
NC_025404.1,NC_025404.1,100.000,15504,0,0,1,15504,1,15504,0.0,23041
NC_025404.1,NC_025348.1,67.325,6785,1569,404,8565,15036,8509,14958,0.0,1729
NC_025404.1,NC_025403.1,66.228,6920,1577,463,8564,15112,8684,15214,0.0,1479
NC_025404.1,NC_007620.1,67.840,4916,1109,301,9686,14368,9698,14374,0.0,1337
NC_025404.1,NC_025350.1,67.003,5443,1234,336,9263,14424,8981,14142,0.0,1337
NC_025407.1,NC_025407.1,100.000,17412,0,0,1,17412,1,17412,0.0,25876
NC_025407.1,NC_025347.1,64.964,3308,779,236,10878,14013,9487,12586,1.49e-153,543
NC_025407.1,NC_025403.1,62.989,3272,709,320,10897,13932,9819,12824,5.20e-69,262
NC_025407.1,NC_025348.1,62.591,3280,701,321,10890,13921,9632,12633,1.29e-59,231
NC_025407.1,NC_005036.1,63.769,1714,372,145,10897,12521,9425,10978,8.42e-54,212
KM254171.1,KM254171.1,100.000,7315,0,0,1,7315,1,7315,0.0,10872
KM254171.1,JQ347522.1,66.892,296,49,26,4027,4298,4539,4809,5.02e-13,75.6
KM254171.1,NC_024078.1,62.779,583,117,55,3874,4409,4391,4920,9.19e-07,54.8
KM254171.1,NC_006554.1,67.196,189,48,12,706,887,1627,1808,4.44e-04,45.9
KM254171.1,NC_023675.1,79.661,59,9,1,2261,2319,2032,2087,4.44e-04,45.9
NC_024018.2,NC_024018.2,100.000,12273,0,0,1,12273,1,12273,0.0,18240
NC_024018.2,NC_012812.1,67.706,7732,1806,432,4549,11942,4569,11947,0.0,2089
NC_024018.2,NC_003679.1,67.422,8036,1833,492,4546,12188,4552,12195,0.0,2069
NC_024018.2,KM408491.1,67.470,7676,1780,411,4546,11870,4555,11864,0.0,2054
NC_024018.2,NC_018713.1,66.819,8107,1899,481,4462,12188,4473,12168,0.0,1928
NC_025672.1,NC_025672.1,100.000,8976,0,0,1,8976,1,8976,0.0,13340
NC_025672.1,NC_021153.1,63.489,3147,755,252,2684,5636,2816,5762,5.56e-89,328
NC_025672.1,NC_025673.1,66.453,1094,261,66,7615,8655,7219,8259,6.24e-64,245
NC_025672.1,NC_026797.1,64.032,759,163,66,3769,4477,3771,4469,4.29e-20,99.4
NC_025672.1,NC_004102.1,63.746,662,155,55,3588,4203,4081,4703,6.17e-13,75.6
NC_025673.1,NC_025673.1,100.000,8568,0,0,1,8568,1,8568,0.0,12722
NC_025673.1,NC_025672.1,66.423,1093,263,64,7219,8259,7615,8655,5.95e-64,245
NC_025673.1,NC_021153.1,65.078,1406,357,88,7069,8406,7141,8480,2.88e-61,236
NC_025673.1,NC_024377.1,67.403,362,63,37,3786,4121,4252,4584,1.55e-16,87.5
NC_025673.1,NC_004102.1,64.312,538,121,44,3493,3993,4200,4703,5.88e-13,75.6
NC_025677.1,NC_025677.1,100.000,12983,0,0,1,12983,1,12983,0.0,19292
NC_025677.1,NC_003678.1,66.504,1845,410,136,5676,7416,5491,7231,9.71e-111,401
NC_025677.1,NC_018713.1,66.763,1733,359,135,10791,12422,10373,11989,7.62e-110,398
NC_025677.1,NC_024018.2,63.674,3174,760,230,5767,8739,5293,8274,2.89e-106,386
NC_025677.1,NC_001461.1,63.650,3293,792,250,5657,8739,5475,8572,4.98e-104,378
NC_025432.1,NC_025432.1,100.000,7037,0,0,1,7037,1,7037,0.0,10459
NC_025432.1,NC_024769.1,80.172,116,10,9,6732,6836,9221,9334,3.57e-16,86.1
NC_025432.1,NC_024768.1,80.172,116,10,9,6732,6836,9193,9306,3.57e-16,86.1
NC_025432.1,NC_024767.1,76.667,120,9,7,6732,6835,6900,7016,2.20e-14,80.1
NC_025432.1,NC_008250.2,73.643,129,30,3,5710,5836,6439,6565,2.33e-10,66.7
NC_025833.1,NC_025833.1,100.000,1760,0,0,1,1760,1,1760,0.0,2618
NC_025833.1,NC_013057.1,77.551,49,6,3,95,142,2629,2585,0.40,34.0
NC_025833.1,JQ613567.1,89.286,28,2,1,1694,1721,2580,2606,1.1,32.6
NC_025833.1,NC_003619.1,78.049,41,1,3,1643,1681,1647,1681,3.1,31.1
NC_025833.1,NC_025351.1,75.000,52,10,2,1533,1583,13223,13272,3.1,31.1
KM386660.1,KM386660.1,100.000,3350,0,0,1,3350,1,3350,0.0,4977
KM386660.1,KC669694.1,88.571,3325,377,3,3,3326,5,3327,0.0,3530
KM386660.1,KC669698.1,71.770,3351,752,108,71,3345,78,3310,0.0,1451
KM386660.1,NC_004296.1,69.388,3430,755,177,4,3283,3395,111,0.0,1155
KM386660.1,NC_016152.1,68.898,3511,775,184,4,3345,7,3369,0.0,1126
KJ994776.1,KJ994776.1,100.000,1828,0,0,1,1828,1,1828,0.0,2719
KJ994776.1,NC_003466.1,71.647,1372,303,54,1,1336,1,1322,2.80e-165,579
KJ994776.1,NC_005216.1,70.949,1370,318,49,1,1337,1,1323,1.94e-155,546
KJ994776.1,NC_005233.1,67.142,1403,309,85,1,1336,1,1318,1.60e-99,360
KJ994776.1,NC_005236.1,66.235,1543,322,105,1,1462,1,1425,7.71e-97,352
NC_026011.1,NC_026011.1,100.000,31249,0,0,1,31249,1,31249,0.0,46438
NC_026011.1,NC_003045.1,76.144,25000,4724,793,3488,27853,3339,27732,0.0,14739
NC_026011.1,FJ938065.1,76.117,25026,4685,812,3488,27853,3297,27690,0.0,14739
NC_026011.1,DQ011855.1,77.810,19130,3439,528,3488,22204,3339,22075,0.0,12473
NC_026011.1,NC_012936.1,75.808,18812,3575,599,6836,25141,6905,25246,0.0,10884
KM408491.1,KM408491.1,100.000,12281,0,0,1,12281,1,12281,0.0,18252
KM408491.1,NC_018713.1,85.971,12317,1667,47,1,12281,1,12292,0.0,11860
KM408491.1,NC_002657.1,73.495,12541,2823,309,1,12280,1,12301,0.0,6202
KM408491.1,NC_003679.1,73.221,12592,2802,342,1,12281,1,12333,0.0,6102
KM408491.1,NC_012812.1,70.152,12758,2909,533,1,12280,1,12337,0.0,4695
NC_026246.1,NC_026246.1,100.000,3345,0,0,1,3345,1,3345,0.0,4961
NC_026246.1,NC_007903.1,74.067,3428,737,89,1,3345,5,3363,0.0,1781
NC_026246.1,NC_016152.1,71.770,3429,791,106,5,3339,9,3354,0.0,1481
NC_026246.1,NC_004296.1,71.639,3399,748,137,5,3302,3393,110,0.0,1436
NC_026246.1,NC_013057.1,71.366,3405,781,105,16,3305,1,3326,0.0,1435
NC_026315.1,NC_026315.1,100.000,7687,0,0,1,7687,1,7687,0.0,11422
NC_026315.1,NC_026316.1,66.970,8020,1803,512,1,7665,3,7531,0.0,1950
NC_026315.1,NC_023857.1,67.157,204,51,7,6666,6861,7936,8131,1.23e-07,57.8
NC_026315.1,NC_026470.1,71.324,136,28,7,6020,6149,6329,6459,1.23e-07,57.8
NC_026315.1,NC_024768.1,66.995,203,53,6,6666,6861,7960,8155,3.45e-07,56.3
NC_026316.1,NC_026316.1,100.000,7593,0,0,1,7593,1,7593,0.0,11269
NC_026316.1,NC_026315.1,66.978,8022,1799,516,3,7531,1,7665,0.0,1950
NC_026316.1,JQ814851.1,69.466,131,28,8,6865,6988,7662,7787,4.61e-04,45.9
NC_026316.1,NC_015934.1,66.190,210,39,22,6530,6723,6583,6776,0.010,41.5
NC_026316.1,NC_001617.1,74.627,67,14,1,6924,6987,6577,6643,0.028,40.0
NC_026470.1,NC_026470.1,100.000,8096,0,0,1,8096,1,8096,0.0,12033
NC_026470.1,JQ814851.1,68.367,588,136,27,4821,5383,5155,5717,3.45e-45,182
NC_026470.1,JQ814852.1,69.750,400,92,20,4872,5258,4345,4728,3.24e-32,139
NC_026470.1,KT880670.1,67.257,452,110,26,4874,5306,5006,5438,1.30e-24,114
NC_026470.1,NC_009996.1,75.862,174,33,4,4990,5158,4307,4476,6.29e-22,105
NC_009528.2,NC_009528.2,100.000,11930,0,0,1,11930,1,11930,0.0,17727
NC_009528.2,NC_025385.1,78.318,12047,2351,163,1,11930,1,11903,0.0,8153
NC_009528.2,NC_025251.1,77.267,12062,2448,166,1,11930,1,11900,0.0,7713
NC_009528.2,NC_020808.1,76.538,12075,2531,191,1,11930,1,11918,0.0,7362
NC_009528.2,NC_009527.1,73.890,12202,2678,331,1,11930,1,11966,0.0,6185
NC_026619.1,NC_026619.1,100.000,3294,0,0,1,3294,1,3294,0.0,4897
NC_026619.1,NC_003619.1,71.942,1668,334,74,1,1564,1,1638,0.0,732
NC_026619.1,NC_003843.1,73.634,1464,315,46,1,1430,1,1427,0.0,727
NC_026619.1,NC_008301.1,72.558,1505,346,45,1,1467,1,1476,0.0,687
NC_026619.1,NC_008300.1,68.372,958,199,69,2392,3294,2324,3232,2.56e-73,274
NC_026620.1,NC_026620.1,100.000,10125,0,0,1,10125,1,10125,0.0,15048
NC_026620.1,NC_003635.1,67.531,10524,2428,620,97,10124,203,10233,0.0,2760
NC_026620.1,NC_003676.1,65.032,5811,1335,425,4472,9946,4490,9939,0.0,974
NC_026620.1,NC_001437.1,64.837,2460,560,193,7607,9902,7855,10173,6.30e-106,384
NC_026620.1,NC_027999.1,63.906,2596,550,204,7582,9976,7884,10293,1.15e-99,363
NC_026624.1,NC_026624.1,100.000,10242,0,0,1,10242,1,10242,0.0,15222
NC_026624.1,NC_008718.1,72.413,10389,2444,265,1,10181,120,10294,0.0,4713
NC_026624.1,NC_005039.1,67.262,10254,2498,512,421,10240,598,10426,0.0,2646
NC_026624.1,NC_002031.1,65.839,3545,812,253,6769,10112,6881,10227,0.0,692
NC_026624.1,NC_008719.1,65.809,2761,650,169,7445,10058,7537,10150,1.70e-160,566
KP876483.1,KP876483.1,100.000,11545,0,0,1,11545,1,11545,0.0,17158
KP876483.1,NC_008514.1,94.925,11546,584,2,1,11545,1,11545,0.0,14981
KP876483.1,NC_020803.1,65.300,4928,1103,328,5829,10418,5765,10423,0.0,936
KP876483.1,NC_025356.1,65.354,3478,783,259,5808,9059,5399,8680,1.93e-177,622
KP876483.1,NC_025371.1,65.387,3308,771,229,5811,8916,5391,8526,3.53e-171,601
NC_026797.1,NC_026797.1,100.000,8850,0,0,1,8850,1,8850,0.0,13150
NC_026797.1,NC_021153.1,64.489,704,151,53,3531,4186,3667,4319,1.42e-24,114
NC_026797.1,NC_025672.1,64.032,759,163,66,3771,4469,3769,4477,4.23e-20,99.4
NC_026797.1,NC_004102.1,63.118,667,159,49,3583,4204,4081,4705,1.34e-11,71.2
NC_026797.1,NC_025673.1,63.977,533,135,38,7286,7783,7232,7742,2.94e-10,66.7
NC_026814.1,NC_026814.1,100.000,6617,0,0,1,6617,1,6617,0.0,9835
NC_026814.1,NC_025379.1,64.468,4306,946,329,1384,5356,1372,5426,0.0,662
NC_026814.1,NC_034975.1,68.561,2147,469,129,3216,5259,1,2044,0.0,646
NC_026814.1,NC_022249.1,64.324,4339,974,335,1348,5351,1317,5416,1.79e-179,628
NC_026814.1,KM017742.1,65.708,3094,748,199,2425,5351,2529,5476,1.24e-169,595
NC_026921.1,NC_026921.1,100.000,8003,0,0,1,8003,1,8003,0.0,11895
NC_026921.1,NC_015934.1,71.545,123,10,11,557,658,285,403,1.28e-07,57.8
NC_026921.1,FJ445188.1,70.395,152,17,16,548,677,452,597,1.28e-07,57.8
NC_026921.1,NC_024770.1,65.741,216,44,16,4513,4716,5046,5243,1.73e-04,47.4
NC_026921.1,NC_028366.1,65.600,250,46,25,4497,4730,4188,4413,1.73e-04,47.4
NC_027122.1,NC_027122.1,100.000,8376,0,0,1,8376,1,8376,0.0,12449
NC_027122.1,NC_019712.1,69.122,8485,1841,466,276,8376,332,8421,0.0,2763
NC_027122.1,NC_004542.1,64.692,6752,1565,463,525,6851,543,6900,0.0,1099
NC_027122.1,U15301.2,63.828,4921,1153,366,1144,5764,1080,5673,4.98e-178,623
NC_027122.1,NC_011050.1,63.740,4818,1117,371,1168,5682,1101,5591,2.71e-167,588
KP710243.1,KP710243.1,100.000,1745,0,0,1,1745,1,1745,0.0,2595
KP710243.1,NC_001906.3,81.395,43,7,1,666,707,17556,17598,0.14,35.5
KP710243.1,NC_017936.1,78.571,42,5,3,1238,1279,6989,7026,8.6,29.6
KP710243.1,NC_025403.1,69.863,73,9,6,526,585,777,705,8.6,29.6
KP710267.1,KP710267.1,100.000,1527,0,0,1,1527,1,1527,0.0,2271
KP710267.1,KJ690629.1,76.000,50,7,2,1303,1350,1547,1593,0.96,32.6
KP710267.1,NC_001451.1,74.545,55,4,6,457,511,13387,13431,2.7,31.1
KP710267.1,NC_034567.1,74.545,55,4,6,472,520,1556,1606,2.7,31.1
KP710267.1,NC_002306.3,84.375,32,3,2,269,298,5049,5080,7.5,29.6
KM594039.1,KM594039.1,100.000,11881,0,0,1,11881,1,11881,0.0,17657
KM594039.1,JQ685967.1,90.286,11890,1136,15,1,11881,23,11902,0.0,13372
KM594039.1,KF154997.1,90.183,11888,1152,11,1,11881,23,11902,0.0,13327
KM594039.1,KF155002.1,90.081,11886,1168,11,1,11881,23,11902,0.0,13277
KM594039.1,JQ685970.1,89.333,11887,1241,21,1,11874,23,11895,0.0,12944
NC_027711.1,NC_027711.1,100.000,6327,0,0,1,6327,1,6327,0.0,9404
NC_027711.1,NC_023631.1,69.459,6493,1520,288,43,6311,47,6300,0.0,2200
NC_027711.1,NC_023632.1,69.139,5272,1254,226,40,5129,20,5100,0.0,1733
NC_027711.1,NC_023629.1,68.720,5275,1271,223,40,5129,41,5121,0.0,1661
NC_027711.1,NC_026814.1,66.311,1594,369,105,2464,3961,2665,4186,4.69e-94,344
NC_027817.1,NC_027817.1,100.000,10893,0,0,1,10893,1,10893,0.0,16189
NC_027817.1,NC_008604.2,65.409,2703,663,165,7616,10182,7538,10104,3.11e-141,502
NC_027817.1,NC_027819.1,65.837,2491,607,158,7664,10032,7703,10071,3.30e-137,488
NC_027817.1,NC_021069.1,65.100,2659,633,174,7676,10186,7606,10117,7.70e-132,470
NC_027817.1,NC_012671.1,65.269,2623,667,153,7697,10197,7628,10128,2.16e-131,469
NC_027818.1,NC_027818.1,100.000,7476,0,0,1,7476,1,7476,0.0,11109
NC_027818.1,NC_028366.1,70.528,7441,1565,375,108,7228,21,7153,0.0,2823
NC_027818.1,NC_003990.1,63.434,1124,270,81,870,1924,714,1765,1.44e-29,130
NC_027818.1,NC_024766.1,74.000,100,14,7,6360,6453,6211,6304,2.63e-06,53.4
NC_027818.1,FJ445188.1,64.776,335,68,31,6589,6910,6488,6785,2.63e-06,53.4
NC_027819.1,NC_027819.1,100.000,10938,0,0,1,10938,1,10938,0.0,16256
NC_027819.1,NC_008604.2,66.961,2609,602,151,7659,10137,7542,10020,0.0,646
NC_027819.1,NC_021069.1,66.654,2537,622,139,7715,10139,7606,10030,7.34e-170,597
NC_027819.1,NC_012671.1,66.284,2610,626,150,7655,10137,7547,10029,4.80e-164,577
NC_027819.1,NC_027817.1,65.810,2489,611,154,7703,10071,7664,10032,3.32e-137,488
NC_027999.1,NC_027999.1,100.000,10761,0,0,1,10761,1,10761,0.0,15993
NC_027999.1,NC_008719.1,65.182,5971,1416,401,4730,10369,4620,10258,0.0,1048
NC_027999.1,NC_002031.1,63.980,6291,1533,462,4371,10293,4280,10205,0.0,790
NC_027999.1,NC_016997.1,66.679,2680,611,180,7871,10403,7865,10409,1.91e-173,609
NC_027999.1,NC_000943.1,66.351,2639,589,183,7706,10189,7656,10150,3.70e-163,574
NC_028249.1,NC_028249.1,100.000,15696,0,0,1,15696,1,15696,0.0,23326
NC_028249.1,NC_001921.1,76.292,15999,3181,379,1,15696,1,15690,0.0,9576
NC_028249.1,NC_001498.1,68.652,6967,1662,327,8990,15696,9190,15894,0.0,2144
NC_028249.1,NC_006296.2,68.517,6953,1686,320,8995,15696,9182,15882,0.0,2101
NC_028249.1,NC_006383.2,68.068,6971,1677,329,9000,15696,9253,15948,0.0,2010
NC_028366.1,NC_028366.1,100.000,7333,0,0,1,7333,1,7333,0.0,10899
NC_028366.1,NC_027818.1,70.532,7442,1563,377,21,7153,108,7228,0.0,2823
NC_028366.1,NC_003990.1,63.518,1154,282,80,762,1847,684,1766,8.21e-32,138
NC_028366.1,NC_026921.1,65.600,250,46,25,4188,4413,4497,4730,1.59e-04,47.4
NC_028366.1,NC_015941.1,66.667,180,34,14,4369,4536,4682,4847,4.45e-04,45.9
NC_028380.1,NC_028380.1,100.000,9809,0,0,1,9809,1,9809,0.0,14578
NC_028380.1,NC_024765.1,80.256,8367,1453,116,1543,9796,7,8287,0.0,6273
NC_028380.1,NC_023861.1,75.391,9411,1946,228,600,9809,14,9255,0.0,5319
NC_028380.1,KF006985.1,65.756,1428,313,108,8162,9506,6566,7900,9.84e-74,277
NC_028380.1,KJ958930.1,64.822,1319,314,86,8176,9425,6691,7928,3.50e-57,222
KT880670.1,KT880670.1,100.000,8204,0,0,1,8204,1,8204,0.0,12193
KT880670.1,JQ814852.1,71.714,350,71,17,5006,5341,4347,4682,2.42e-35,149
KT880670.1,NC_026470.1,67.257,452,110,26,5006,5438,4874,5306,1.32e-24,114
KT880670.1,NC_015941.1,65.872,545,116,45,5006,5518,4523,5029,2.27e-22,106
KT880670.1,NC_001617.1,68.817,279,66,12,5006,5278,4272,4535,6.76e-18,92.0
NC_028964.1,NC_028964.1,100.000,8506,0,0,1,8506,1,8506,0.0,12642
NC_028964.1,NC_024770.1,88.943,8447,882,39,83,8504,13,8432,0.0,9067
NC_028964.1,KF006985.1,65.745,1194,282,70,6934,8076,6678,7795,7.53e-65,248
NC_028964.1,KJ958930.1,66.175,881,207,50,7214,8062,7072,7893,1.22e-49,197
NC_028964.1,NC_024765.1,63.335,1541,396,88,6614,8077,6448,7896,5.89e-47,188
NC_027998.2,NC_027998.2,100.000,9867,0,0,1,9867,1,9867,0.0,14664
NC_027998.2,NC_021153.1,68.639,169,31,15,8335,8493,7453,7609,2.73e-05,50.4
NC_027998.2,NC_001837.1,66.234,231,48,20,4711,4929,4495,4707,7.64e-05,48.9
NC_027998.2,NC_025673.1,65.343,277,61,23,8436,8690,7482,7745,7.64e-05,48.9
NC_027998.2,NC_004102.1,80.357,56,11,0,8620,8675,8454,8509,0.002,44.4
NC_029645.1,NC_029645.1,100.000,7313,0,0,1,7313,1,7313,0.0,10869
NC_029645.1,JF781268.1,66.005,2924,686,176,2682,5419,2790,5591,1.22e-177,622
NC_029645.1,NC_001959.2,66.166,2929,737,168,2962,5751,3254,6067,1.65e-174,612
NC_029645.1,AF504671.2,65.290,2809,691,178,2962,5622,2978,5650,5.84e-141,500
NC_029645.1,NC_029646.1,65.583,2583,651,149,2962,5422,2978,5444,1.01e-138,493
NC_029646.1,NC_029646.1,100.000,7518,0,0,1,7518,1,7518,0.0,11174
NC_029646.1,AF504671.2,89.645,7610,603,96,1,7496,1,7539,0.0,8377
NC_029646.1,JF781268.1,67.574,5696,1388,294,365,5814,482,5964,0.0,1509
NC_029646.1,JQ613567.1,67.644,5458,1317,285,521,5762,500,5724,0.0,1462
NC_029646.1,NC_001959.2,65.306,3332,806,218,2633,5778,2897,6064,1.41e-169,595
KU198477.1,KU198477.1,100.000,11927,0,0,1,11927,1,11927,0.0,17723
KU198477.1,KF155002.1,87.502,11938,1465,22,1,11926,1,11923,0.0,12187
KU198477.1,JQ685967.1,87.476,11945,1455,31,1,11926,1,11923,0.0,12180
KU198477.1,KF154997.1,87.446,11940,1468,26,1,11926,1,11923,0.0,12162
KU198477.1,KM594039.1,86.833,11901,1529,33,23,11905,1,11881,0.0,11846
NC_016990.2,NC_016990.2,100.000,25430,0,0,1,25430,1,25430,0.0,37791
NC_016990.2,NC_016992.1,89.785,19393,1873,59,10,19336,3,19353,0.0,21463
NC_016990.2,NC_011550.1,76.206,21089,4237,518,3257,23965,3448,24135,0.0,12508
NC_016990.2,NC_016993.1,78.069,16260,3099,330,3303,19333,3333,19354,0.0,10773
NC_016990.2,NC_011549.1,74.520,13010,2708,379,3241,15951,3246,15947,0.0,6908
NC_001564.2,NC_001564.2,100.000,10682,0,0,1,10682,1,10682,0.0,15876
NC_001564.2,NC_012932.1,67.613,8065,2102,340,2209,10018,2202,10011,0.0,2157
NC_001564.2,NC_021069.1,71.004,2052,488,67,287,2286,298,2294,0.0,821
NC_001564.2,NC_012671.1,70.181,2096,526,63,287,2334,299,2343,0.0,775
NC_001564.2,NC_008604.2,68.110,2402,537,140,1,2293,12,2293,0.0,687
KU254596.1,KU254596.1,100.000,7405,0,0,1,7405,1,7405,0.0,11006
KU254596.1,KJ170575.1,64.808,4035,984,264,3505,7323,3528,7342,0.0,655
KU254596.1,FJ445188.1,68.405,671,111,55,1,615,1,626,6.15e-52,204
KU254596.1,NC_009996.1,68.858,639,117,50,1,600,1,596,3.79e-50,198
KU254596.1,NC_001617.1,67.496,643,119,53,1,599,1,597,3.35e-41,169
NC_032484.1,NC_032484.1,100.000,5818,0,0,1,5818,1,5818,0.0,8648
NC_032484.1,NC_035758.1,80.851,47,9,0,3164,3210,3254,3300,0.061,38.5
NC_032484.1,AF504671.2,92.308,26,2,0,4252,4277,5118,5143,1.3,34.0
NC_032484.1,NC_003930.1,79.545,44,6,2,301,341,10907,10950,1.3,34.0
NC_032484.1,NC_003215.1,82.857,35,6,0,3248,3282,6911,6945,3.7,32.6
NC_033792.1,NC_033792.1,100.000,6712,0,0,1,6712,1,6712,0.0,9976
NC_033792.1,NC_019028.1,65.266,1428,310,105,2843,4189,2527,3849,7.13e-70,264
NC_033792.1,NC_023675.1,64.867,1389,327,92,2871,4189,2774,4071,2.25e-61,236
NC_033792.1,NC_026814.1,64.503,1510,354,108,2770,4194,2793,4205,1.38e-59,230
NC_033792.1,NC_013060.1,66.963,899,189,67,3184,4023,3194,4043,4.12e-55,215
NC_034567.1,NC_034567.1,100.000,7299,0,0,1,7299,1,7299,0.0,10848
NC_034567.1,NC_002470.1,63.177,3897,852,323,2372,6024,2393,5950,6.54e-116,417
NC_034567.1,NC_003790.1,66.316,855,189,57,3709,4518,3433,4233,6.43e-48,191
NC_034567.1,NC_033792.1,64.349,791,147,66,3840,4568,3184,3901,5.03e-30,132
NC_034567.1,NC_013060.1,63.797,964,219,78,3667,4568,3017,3912,5.34e-26,118
NC_034975.1,NC_034975.1,100.000,3510,0,0,1,3510,1,3510,0.0,5218
NC_034975.1,NC_026814.1,68.561,2147,469,129,1,2044,3216,5259,0.0,646
NC_034975.1,NC_025379.1,69.772,1846,412,94,1,1769,3271,5047,0.0,641
NC_034975.1,NC_022249.1,69.665,1790,416,83,1,1722,3275,5005,3.57e-176,616
NC_034975.1,KM017742.1,67.043,2215,565,114,1,2131,3335,5468,1.43e-151,534
NC_035758.1,NC_035758.1,100.000,6339,0,0,1,6339,1,6339,0.0,9422
NC_035758.1,NC_004579.1,64.948,291,68,24,4176,4449,4541,4814,3.84e-04,45.9
NC_035758.1,NC_022249.1,64.577,319,75,27,4068,4367,4515,4814,0.001,44.4
NC_035758.1,NC_023636.1,63.529,340,78,28,4059,4375,4418,4734,0.024,40.0
NC_035758.1,NC_032484.1,80.851,47,9,0,3254,3300,3164,3210,0.066,38.5
NC_010701.1,NC_010701.1,100.000,3533,0,0,1,3533,1,3533,0.0,5252
NC_010701.1,NC_010256.1,68.745,3433,805,150,81,3437,57,3297,0.0,1093
NC_010701.1,EF619034.1,74.399,1789,385,56,1663,3421,1569,3314,0.0,930
NC_010701.1,GQ903697.1,74.140,1802,386,59,1661,3429,1558,3312,0.0,922
NC_010701.1,EF619036.1,73.982,1818,397,55,1642,3424,1547,3323,0.0,921
NC_010757.1,NC_010757.1,100.000,3410,0,0,1,3410,1,3410,0.0,5070
NC_010757.1,NC_010756.1,72.031,3461,753,129,1,3368,1,3339,0.0,1517
NC_010757.1,NC_006447.1,69.655,3480,771,174,1,3348,1,3327,0.0,1203
NC_010757.1,NC_005894.1,69.285,3539,812,157,1,3410,1,3393,0.0,1194
NC_010757.1,EF619036.1,66.692,2642,571,182,914,3410,889,3366,1.24e-176,618
NC_010758.1,NC_010758.1,100.000,3474,0,0,1,3474,1,3474,0.0,5165
NC_010758.1,NC_010248.1,73.394,3488,756,108,90,3474,117,3535,0.0,1705
NC_010758.1,NC_005077.1,66.602,2584,608,167,930,3380,809,3270,1.51e-164,577
NC_010758.1,NC_004293.1,65.827,2739,626,180,919,3474,821,3432,9.86e-159,558
NC_010758.1,JN897398.1,65.547,2740,646,170,909,3474,818,3433,5.05e-152,536
NC_010756.1,NC_010756.1,100.000,3406,0,0,1,3406,1,3406,0.0,5064
NC_010756.1,NC_010757.1,72.031,3461,753,129,1,3339,1,3368,0.0,1517
NC_010756.1,NC_006447.1,69.868,3551,793,162,1,3406,1,3419,0.0,1268
NC_010756.1,NC_005894.1,69.672,3449,771,164,1,3304,1,3319,0.0,1202
NC_010756.1,EF619034.1,67.366,2620,546,195,855,3317,832,3299,0.0,659
NC_010800.1,NC_010800.1,100.000,27657,0,0,1,27657,1,27657,0.0,41097
NC_010800.1,NC_001451.1,91.402,20399,1698,31,1,20367,1,20375,0.0,23794
NC_010800.1,NC_006577.2,65.341,8774,1823,689,10460,18657,11772,19903,0.0,1624
NC_010800.1,NC_009019.1,64.278,10271,2181,880,10652,20208,11920,21416,0.0,1432
NC_010800.1,NC_009021.1,64.565,8929,1970,714,11917,20252,12547,20874,0.0,1343
NC_011050.1,NC_011050.1,100.000,8305,0,0,1,8305,1,8305,0.0,12343
NC_011050.1,NC_002551.1,83.168,8365,1267,101,1,8305,1,8284,0.0,7156
NC_011050.1,NC_004541.1,80.705,8401,1396,146,17,8305,1,8288,0.0,6414
NC_011050.1,U15301.2,79.872,8426,1433,174,1,8305,1,8284,0.0,6159
NC_011050.1,NC_019712.1,64.144,4836,1087,386,1100,5589,1244,5778,0.0,653
NC_011400.1,NC_011400.1,100.000,6171,0,0,1,6171,1,6171,0.0,9172
NC_011400.1,NC_019028.1,75.217,6214,1280,160,1,6099,1,6069,0.0,3471
NC_011400.1,NC_026814.1,64.565,1507,367,102,2456,3871,2796,4226,1.27e-59,230
NC_011400.1,NC_034975.1,63.526,1889,397,163,2876,4591,1,1770,7.83e-58,224
NC_011400.1,NC_013443.1,65.687,1055,224,72,2713,3679,3047,4051,6.14e-57,221
NC_011532.1,NC_011532.1,100.000,12926,0,0,1,12926,1,12926,0.0,19207
NC_011532.1,NC_007642.1,65.347,10429,2359,715,2808,12640,2770,12539,0.0,1943
NC_011532.1,NC_018381.2,64.511,2953,706,219,7664,10449,8198,10975,2.40e-118,426
NC_011532.1,NC_002251.1,67.725,378,78,33,7955,8319,8237,8583,1.36e-18,95.0
NC_011532.1,NC_006942.1,69.504,141,23,14,8390,8520,8179,8309,7.87e-04,45.9
NC_011549.1,NC_011549.1,100.000,26396,0,0,1,26396,1,26396,0.0,39226
NC_011549.1,NC_016991.1,75.931,19648,3794,563,288,19454,207,19400,0.0,11489
NC_011549.1,NC_016996.1,74.366,16673,3459,511,3185,19451,2840,19103,0.0,8746
NC_011549.1,NC_011550.1,74.499,13027,2723,366,3253,15981,3439,16164,0.0,6920
NC_011549.1,NC_016990.2,74.508,13012,2706,378,3246,15947,3241,15951,0.0,6908
NC_011550.1,NC_011550.1,100.000,26552,0,0,1,26552,1,26552,0.0,39458
NC_011550.1,NC_016993.1,81.965,16180,2705,149,3428,19502,3270,19341,0.0,13141
NC_011550.1,NC_016990.2,76.211,21085,4243,515,3448,24135,3257,23965,0.0,12508
NC_011550.1,NC_016992.1,78.210,16292,3135,282,3439,19518,3265,19353,0.0,10918
NC_011550.1,NC_011549.1,74.496,13033,2713,373,3439,16164,3253,15981,0.0,6920
FJ445188.1,FJ445188.1,100.000,7216,0,0,1,7216,1,7216,0.0,10725
FJ445188.1,NC_001617.1,63.261,7556,1603,676,1,7001,1,6938,0.0,784
FJ445188.1,KJ170575.1,64.246,3938,967,281,3466,7175,3617,7341,8.30e-151,533
FJ445188.1,NC_009996.1,67.292,1599,344,118,1,1514,1,1505,9.28e-109,393
FJ445188.1,KU254596.1,68.405,671,111,55,1,626,1,615,5.99e-52,204
NC_012534.1,NC_012534.1,100.000,10941,0,0,1,10941,1,10941,0.0,16260
NC_012534.1,NC_007580.2,66.914,11470,2587,676,70,10936,71,10935,0.0,2841
NC_012534.1,NC_001563.2,66.902,11460,2648,663,60,10936,60,10957,0.0,2806
NC_012534.1,NC_000943.1,66.850,11291,2668,644,60,10814,57,10808,0.0,2717
NC_012534.1,NC_009028.2,67.526,9968,2434,504,752,10316,738,10305,0.0,2637
NC_012561.1,NC_012561.1,100.000,11526,0,0,1,11526,1,11526,0.0,17130
NC_012561.1,HM147986.1,71.407,11447,2701,351,1,11143,1,11179,0.0,4756
NC_012561.1,NC_013528.1,71.259,11461,2704,365,1,11148,1,11184,0.0,4692
NC_012561.1,NC_023812.1,72.423,8634,1944,264,4,8359,1,8475,0.0,3919
NC_012561.1,NC_003899.1,73.913,5083,1150,115,1,4996,1,4994,0.0,2589
NC_012671.1,NC_012671.1,100.000,10865,0,0,1,10865,1,10865,0.0,16147
NC_012671.1,NC_021069.1,83.802,10884,1725,33,1,10865,1,10865,0.0,9612
NC_012671.1,NC_008604.2,68.970,10928,2624,476,315,10865,300,10837,0.0,3506
NC_012671.1,NC_001564.2,70.181,2096,526,63,299,2343,287,2334,0.0,775
NC_012671.1,NC_027819.1,66.284,2610,626,150,7547,10029,7655,10137,4.77e-164,577
NC_012699.1,NC_012699.1,100.000,6434,0,0,1,6434,1,6434,0.0,9563
NC_012699.1,AB863586.1,89.178,6413,686,7,1,6409,1,6409,0.0,6949
NC_012699.1,JF320650.1,67.552,339,50,38,1194,1499,1504,1815,3.26e-16,86.1
NC_012699.1,EU391643.1,70.335,209,36,18,2262,2453,2144,2343,4.41e-13,75.6
NC_012699.1,NC_008311.1,68.844,199,34,19,1307,1491,1623,1807,1.31e-08,60.8
NC_012812.1,NC_012812.1,100.000,12337,0,0,1,12337,1,12337,0.0,18321
NC_012812.1,KM408491.1,70.163,12756,2911,534,1,12337,1,12280,0.0,4695
NC_012812.1,NC_002032.1,70.269,12438,2865,503,34,12053,3,12025,0.0,4627
NC_012812.1,NC_018713.1,69.990,12779,2905,550,1,12337,1,12291,0.0,4625
NC_012812.1,NC_003679.1,69.792,12755,3012,519,1,12337,1,12332,0.0,4505
FJ938065.1,FJ938065.1,100.000,30969,0,0,1,30969,1,30969,0.0,46022
FJ938065.1,NC_003045.1,99.635,30969,113,0,1,30969,43,31011,0.0,45601
FJ938065.1,DQ011855.1,95.507,22057,976,6,1,22049,43,22092,0.0,29099
FJ938065.1,NC_026011.1,76.118,25027,4683,814,3297,27690,3488,27853,0.0,14739
FJ938065.1,NC_012936.1,76.660,21911,4058,641,6284,27663,6553,27938,0.0,13395
NC_012936.1,NC_012936.1,100.000,31250,0,0,1,31250,1,31250,0.0,46439
NC_012936.1,NC_001846.1,93.493,25436,1565,53,1,25384,28,25425,0.0,31639
NC_012936.1,FJ938065.1,76.654,21914,4054,642,6553,27938,6284,27663,0.0,13395
NC_012936.1,NC_003045.1,76.647,21912,4059,639,6553,27938,6326,27705,0.0,13389
NC_012936.1,DQ011855.1,79.772,15785,2772,276,6552,22120,6325,21904,0.0,11499
NC_012932.1,NC_012932.1,100.000,11064,0,0,1,11064,1,11064,0.0,16443
NC_012932.1,NC_001564.2,67.613,8065,2102,340,2202,10011,2209,10018,0.0,2157
NC_012932.1,NC_027819.1,64.654,2583,665,154,7549,10007,7724,10182,1.05e-111,404
NC_012932.1,NC_008604.2,64.422,2614,686,145,7480,9971,7538,10029,6.49e-110,398
NC_012932.1,NC_027817.1,63.995,2583,648,171,7552,9993,7688,10129,6.46e-93,341
NC_013057.1,NC_013057.1,100.000,3383,0,0,1,3383,1,3383,0.0,5029
NC_013057.1,NC_016152.1,71.882,3368,739,114,44,3326,71,3315,0.0,1473
NC_013057.1,NC_026246.1,71.366,3405,781,105,1,3326,16,3305,0.0,1435
NC_013057.1,NC_007903.1,71.530,3379,772,115,35,3338,70,3333,0.0,1420
NC_013057.1,GU830848.1,69.726,3389,768,147,40,3323,53,3288,0.0,1207
NC_013060.1,NC_013060.1,100.000,6586,0,0,1,6586,1,6586,0.0,9789
NC_013060.1,NC_019026.1,73.548,6748,1435,222,4,6578,3,6573,0.0,3328
NC_013060.1,NC_019027.1,69.766,5593,1273,256,16,5394,14,5402,0.0,1961
NC_013060.1,NC_013443.1,69.258,5595,1307,246,16,5395,15,5411,0.0,1867
NC_013060.1,NC_024472.1,68.237,5434,1306,261,182,5399,187,5416,0.0,1589
NC_009026.2,NC_009026.2,100.000,10815,0,0,1,10815,1,10815,0.0,16073
NC_009026.2,NC_007580.2,64.671,11076,2553,796,88,10475,83,10486,0.0,1753
NC_009026.2,NC_009028.2,66.916,6559,1416,451,4613,10807,4579,10747,0.0,1577
NC_009026.2,NC_001563.2,66.715,6177,1434,388,4623,10470,4609,10492,0.0,1429
NC_009026.2,NC_000943.1,66.237,5980,1418,354,4655,10325,4647,10334,0.0,1309
NC_013135.1,NC_013135.1,100.000,12390,0,0,1,12390,1,12390,0.0,18414
NC_013135.1,NC_022755.1,65.088,1816,386,153,7041,8742,5419,7100,3.09e-81,303
NC_013135.1,NC_025371.1,66.030,1519,329,120,7308,8735,6029,7451,3.09e-81,303
NC_013135.1,NC_025376.1,64.499,2014,439,171,7023,8905,5761,7629,3.28e-77,289
NC_013135.1,NC_022580.1,65.648,1473,321,109,7338,8722,7482,8857,2.58e-76,286
NC_013443.1,NC_013443.1,100.000,6534,0,0,1,6534,1,6534,0.0,9712
NC_013443.1,NC_019027.1,72.928,6697,1468,231,2,6534,1,6516,0.0,3132
NC_013443.1,NC_019026.1,70.205,5615,1289,235,1,5439,1,5407,0.0,2066
NC_013443.1,NC_013060.1,69.316,5586,1319,243,15,5411,16,5395,0.0,1867
NC_013443.1,NC_024472.1,67.838,6060,1412,299,43,5841,44,5827,0.0,1722
NC_013528.1,NC_013528.1,100.000,11381,0,0,1,11381,1,11381,0.0,16914
NC_013528.1,HM147986.1,96.068,11395,431,2,1,11379,1,11394,0.0,15280
NC_013528.1,NC_012561.1,71.259,11461,2704,365,1,11184,1,11148,0.0,4692
NC_013528.1,NC_023812.1,72.122,5108,1234,130,4,5018,1,5011,0.0,2251
NC_013528.1,NC_003899.1,71.979,5089,1235,128,1,4995,1,4992,0.0,2218
NC_009028.2,NC_009028.2,100.000,10755,0,0,1,10755,1,10755,0.0,15984
NC_009028.2,NC_007580.2,67.885,10727,2534,550,66,10327,71,10351,0.0,3005
NC_009028.2,NC_012534.1,67.523,9967,2436,502,738,10305,752,10316,0.0,2637
NC_009028.2,NC_001563.2,66.916,10963,2593,642,54,10477,58,10525,0.0,2633
NC_009028.2,NC_001437.1,66.488,11005,2693,608,1,10475,1,10540,0.0,2490
GQ903697.1,GQ903697.1,100.000,3352,0,0,1,3352,1,3352,0.0,4980
GQ903697.1,DQ865245.1,74.619,3412,719,79,1,3352,1,3325,0.0,1852
GQ903697.1,EU123328.1,74.576,3418,731,96,1,3352,1,3346,0.0,1817
GQ903697.1,EF619034.1,74.014,3448,711,114,1,3352,1,3359,0.0,1766
GQ903697.1,EF619036.1,73.417,3442,749,109,1,3352,1,3366,0.0,1680
HM245926.1,HM245926.1,100.000,28915,0,0,1,28915,1,28915,0.0,42969
HM245926.1,NC_002306.3,72.950,14717,3117,532,5990,20279,6152,20431,0.0,6933
HM245926.1,NC_009988.1,68.783,14931,3189,877,6090,20331,6387,20534,0.0,4664
HM245926.1,NC_010437.1,68.272,14492,3213,820,6460,20318,7362,21101,0.0,4266
HM245926.1,EU420137.1,68.265,14457,3252,813,6460,20306,7531,21261,0.0,4225
NC_014395.1,NC_014395.1,100.000,1690,0,0,1,1690,1,1690,0.0,2514
NC_014395.1,NC_015413.1,65.110,771,169,61,849,1571,841,123,1.14e-30,132
NC_014395.1,NC_023634.1,63.927,438,99,41,1252,1660,1370,1777,1.28e-05,48.9
NC_014395.1,NC_025404.1,71.831,71,6,8,765,823,1458,1526,1.1,32.6
NC_014395.1,NC_009020.1,71.930,57,10,2,775,831,3143,3193,8.3,29.6
NC_014412.1,NC_014412.1,100.000,7641,0,0,1,7641,1,7641,0.0,11357
NC_014412.1,KJ958930.1,65.878,888,241,44,6460,7316,7084,7940,2.00e-43,176
NC_014412.1,KF006985.1,64.430,1088,288,61,6274,7314,6789,7824,7.59e-40,164
NC_014412.1,NC_022802.1,64.056,932,246,62,6259,7150,6513,7395,1.57e-25,117
NC_014412.1,NC_024770.1,63.218,1044,243,81,6298,7260,6997,7980,9.64e-24,111
NC_014470.1,NC_014470.1,100.000,29276,0,0,1,29276,1,29276,0.0,43506
NC_014470.1,NC_004718.3,79.023,28150,4946,576,1,27658,73,27755,0.0,19752
NC_014470.1,NC_009021.1,66.126,12198,2703,864,9716,21207,9369,20843,0.0,2557
NC_014470.1,DQ648794.1,65.852,12241,2688,909,9717,21224,9986,21467,0.0,2422
NC_014470.1,NC_009019.1,66.693,10280,2339,675,11471,21224,11733,21453,0.0,2361
NC_002306.3,NC_002306.3,100.000,29355,0,0,1,29355,1,29355,0.0,43623
NC_002306.3,HM245926.1,72.950,14717,3117,532,6152,20431,5990,20279,0.0,6933
NC_002306.3,NC_009988.1,69.120,12921,2869,692,7990,20378,8087,20418,0.0,4184
NC_002306.3,EU420137.1,69.117,12965,2876,712,7998,20427,8855,21226,0.0,4173
NC_002306.3,NC_010438.1,69.146,12692,2898,663,8186,20398,8766,20918,0.0,4086
GU830848.1,GU830848.1,100.000,3347,0,0,1,3347,1,3347,0.0,4946
GU830848.1,NC_004296.1,74.939,3296,734,60,54,3300,3350,98,0.0,1820
GU830848.1,NC_026246.1,70.427,3395,769,144,57,3334,64,3340,0.0,1295
GU830848.1,NC_013057.1,69.726,3389,768,147,53,3288,40,3323,0.0,1207
GU830848.1,NC_007903.1,69.707,3344,794,144,57,3288,85,3321,0.0,1167
GU830862.1,GU830862.1,100.000,3423,0,0,1,3423,1,3423,0.0,5086
GU830862.1,NC_004296.1,69.394,3434,750,148,50,3378,3347,110,0.0,1206
GU830862.1,NC_007903.1,68.761,3502,734,174,50,3419,85,3358,0.0,1152
GU830862.1,GU830848.1,69.003,3439,771,161,50,3389,57,3299,0.0,1144
GU830862.1,NC_016152.1,68.739,3490,771,169,50,3423,73,3358,0.0,1123
NC_015413.1,NC_015413.1,100.000,1761,0,0,1,1761,1,1761,0.0,2619
NC_015413.1,NC_014395.1,65.110,771,169,61,123,841,1571,849,1.19e-30,132
NC_015413.1,NC_023634.1,64.336,429,101,32,40,442,1772,1370,1.25e-09,62.3
NC_015413.1,NC_005062.1,85.294,34,2,3,245,276,6578,6610,1.1,32.6
NC_015413.1,NC_007454.1,79.545,44,3,5,1379,1421,13313,13351,3.1,31.1
JF320650.1,JF320650.1,100.000,7383,0,0,1,7383,1,7383,0.0,10973
JF320650.1,NC_008311.1,89.632,7388,755,8,1,7383,1,7382,0.0,8131
JF320650.1,JF781268.1,64.710,2913,654,227,2936,5670,3124,5840,1.22e-126,453
JF320650.1,NC_029645.1,63.580,2905,726,183,2910,5666,2935,5655,8.39e-100,363
JF320650.1,NC_029646.1,63.918,2741,628,207,2937,5507,2978,5527,2.35e-99,362
NC_015521.1,NC_015521.1,100.000,7310,0,0,1,7310,1,7310,0.0,10865
NC_015521.1,AB097811.1,64.793,338,69,28,4537,4847,4438,4752,1.17e-07,57.8
NC_015521.1,NC_018382.1,65.613,253,53,16,4533,4768,4085,4320,3.28e-07,56.3
NC_015521.1,EU375463.1,72.727,88,22,2,4537,4623,4430,4516,0.003,43.0
NC_015521.1,NC_023425.1,71.875,96,20,5,4292,4383,3676,3768,0.003,43.0
NC_001545.2,NC_001545.2,100.000,9762,0,0,1,9762,1,9762,0.0,14508
NC_001545.2,NC_001837.1,96.296,27,0,1,7045,7071,1659,1634,0.10,38.5
NC_001545.2,NC_016994.1,85.294,34,4,1,7644,7677,8933,8965,2.2,34.0
NC_001545.2,NC_010800.1,100.000,21,0,0,5879,5899,17701,17721,2.2,34.0
HM147984.1,HM147984.1,100.000,11739,0,0,1,11739,1,11739,0.0,17446
HM147984.1,M69205.1,96.835,11723,343,9,1,11710,1,11708,0.0,16051
HM147984.1,NC_001547.1,94.371,11724,625,11,1,11710,1,11703,0.0,14981
HM147984.1,NC_016961.1,73.663,6318,1359,188,5572,11739,5453,11615,0.0,3156
HM147984.1,NC_012561.1,67.083,6079,1416,338,5769,11589,5566,11317,0.0,1534
HM147986.1,HM147986.1,100.000,11423,0,0,1,11423,1,11423,0.0,16977
HM147986.1,NC_013528.1,96.068,11395,431,2,1,11394,1,11379,0.0,15280
HM147986.1,NC_012561.1,71.407,11447,2701,351,1,11179,1,11143,0.0,4756
HM147986.1,NC_023812.1,72.172,5092,1217,139,4,4995,1,4992,0.0,2246
HM147986.1,NC_003899.1,71.664,5103,1227,139,1,4995,1,4992,0.0,2169
HM147992.1,HM147992.1,100.000,11964,0,0,1,11964,1,11964,0.0,17781
HM147992.1,NC_003215.1,70.825,5731,1352,197,5746,11301,5511,11096,0.0,2252
HM147992.1,AB032553.1,69.666,5812,1386,234,5746,11353,5623,11261,0.0,2022
HM147992.1,NC_004162.2,68.685,5135,1238,245,69,5019,70,5018,0.0,1570
HM147992.1,NC_001547.1,67.268,2991,634,200,5745,8560,5744,8564,0.0,769
HQ541736.1,HQ541736.1,100.000,1087,0,0,1,1087,1,1087,0.0,1618
HQ541736.1,NC_024078.1,78.261,46,6,2,929,971,3297,3253,0.24,34.0
HQ541736.1,NC_026921.1,83.333,36,5,1,1039,1073,7967,8002,0.67,32.6
HQ541736.1,NC_006296.2,82.051,39,1,5,99,135,3261,3295,1.9,31.1
HQ541736.1,NC_003746.1,86.207,29,4,0,46,74,6603,6631,1.9,31.1
NC_015934.1,NC_015934.1,100.000,7749,0,0,1,7749,1,7749,0.0,11517
NC_015934.1,JQ814852.1,64.200,3581,902,208,4110,7511,3974,7353,3.18e-151,534
NC_015934.1,NC_015941.1,66.069,1839,451,96,5771,7503,5757,7528,2.06e-111,402
NC_015934.1,KU254596.1,64.650,942,240,55,6563,7459,6376,7269,2.92e-36,152
NC_015934.1,KJ170575.1,64.649,925,237,58,6583,7466,6418,7293,3.95e-33,142
NC_015941.1,NC_015941.1,100.000,7693,0,0,1,7693,1,7693,0.0,11434
NC_015941.1,JQ814852.1,64.341,7897,1745,594,184,7543,3,7365,0.0,1188
NC_015941.1,NC_015934.1,66.105,1841,447,100,5757,7528,5771,7503,2.05e-111,402
NC_015941.1,FJ445188.1,64.111,939,200,66,6567,7459,6250,7097,2.27e-35,149
NC_015941.1,KU254596.1,64.720,822,179,62,6702,7487,6526,7272,2.41e-31,136
NC_015935.1,NC_015935.1,100.000,6543,0,0,1,6543,1,6543,0.0,9725
NC_015935.1,NC_019027.1,63.494,2616,603,203,2725,5152,2865,5316,4.56e-81,301
NC_015935.1,NC_024472.1,63.095,2333,535,176,3023,5178,3172,5355,7.37e-66,250
NC_015935.1,NC_013060.1,62.780,2590,582,209,2765,5154,2903,5310,1.27e-63,243
NC_015935.1,NC_013443.1,63.088,2403,529,210,3047,5258,3195,5430,4.82e-60,231
NC_016136.1,NC_016136.1,100.000,12875,0,0,1,12875,1,12875,0.0,19134
NC_016136.1,NC_025389.1,65.304,4257,965,307,6934,10939,7135,11130,0.0,765
NC_016136.1,NC_003746.1,65.732,963,228,70,8453,9364,9434,10345,4.31e-44,179
NC_016136.1,NC_005975.1,64.648,611,138,42,8507,9078,7817,8388,2.81e-21,103
NC_016136.1,NC_006942.1,64.321,611,140,45,8507,9078,7723,8294,1.06e-17,92.0
NC_016144.1,NC_016144.1,100.000,18927,0,0,1,18927,1,18927,0.0,28127
NC_016144.1,NC_002549.1,66.217,4378,1043,283,12716,16872,12073,16235,0.0,916
NC_016144.1,NC_001608.3,65.379,3287,796,199,13305,16387,12574,15722,6.96e-176,618
NC_016144.1,NC_025407.1,81.633,49,5,4,13875,13919,11482,11530,0.20,38.5
NC_016144.1,NC_002200.1,79.167,48,10,0,14332,14379,10660,10707,0.56,37.0
NC_016152.1,NC_016152.1,100.000,3377,0,0,1,3377,1,3377,0.0,5020
NC_016152.1,NC_007903.1,71.801,3486,768,120,1,3377,1,3380,0.0,1512
NC_016152.1,NC_026246.1,71.770,3429,791,106,9,3354,5,3339,0.0,1481
NC_016152.1,NC_013057.1,71.882,3368,739,114,71,3315,44,3326,0.0,1473
NC_016152.1,NC_004296.1,70.728,3406,784,128,1,3309,3401,112,0.0,1328
JN379039.1,JN379039.1,100.000,7798,0,0,1,7798,1,7798,0.0,11590
JN379039.1,KJ958930.1,65.019,1315,307,94,6378,7613,6688,7928,7.78e-57,221
JN379039.1,KF006985.1,73.239,355,83,10,4735,5083,4914,5262,1.26e-41,170
JN379039.1,NC_022802.1,68.467,463,98,28,4699,5136,4664,5103,3.97e-33,142
JN379039.1,NC_023861.1,69.152,389,91,18,4716,5088,5755,6130,4.22e-29,129
NC_016896.1,NC_016896.1,100.000,6707,0,0,1,6707,1,6707,0.0,9969
NC_016896.1,NC_023675.1,79.473,5388,897,132,30,5315,1,5281,0.0,3858
NC_016896.1,NC_018702.1,66.384,2121,490,127,2846,4851,3019,5031,1.25e-135,482
NC_016896.1,NC_026814.1,67.509,1425,305,96,2787,4126,2870,4221,5.63e-103,374
NC_016896.1,KM017742.1,66.049,1402,333,88,2788,4113,2990,4324,2.26e-78,292
NC_016961.1,NC_016961.1,100.000,11616,0,0,1,11616,1,11616,0.0,17263
NC_016961.1,HM147984.1,73.663,6318,1359,188,5453,11615,5572,11739,0.0,3156
NC_016961.1,M69205.1,73.514,6294,1350,193,5453,11586,5572,11708,0.0,3111
NC_016961.1,NC_001547.1,73.252,6292,1371,191,5453,11586,5566,11703,0.0,3047
NC_016961.1,HM147986.1,66.135,5773,1373,335,5770,11266,5720,11186,0.0,1252
JF781268.1,JF781268.1,100.000,7839,0,0,1,7839,1,7839,0.0,11651
JF781268.1,JQ613567.1,69.463,6998,1719,262,487,7332,349,7080,0.0,2383
JF781268.1,AF504671.2,67.951,5632,1354,298,482,5904,365,5754,0.0,1558
JF781268.1,NC_029646.1,67.574,5696,1388,294,482,5964,365,5814,0.0,1509
JF781268.1,NC_029645.1,65.994,2923,688,174,2790,5591,2682,5419,1.31e-177,622
JN897398.1,JN897398.1,100.000,3433,0,0,1,3433,1,3433,0.0,5101
JN897398.1,NC_004293.1,73.922,3455,748,88,72,3433,38,3432,0.0,1772
JN897398.1,NC_005078.1,73.684,2717,583,70,768,3433,804,3439,0.0,1377
JN897398.1,NC_005077.1,69.827,2595,591,114,841,3358,812,3291,0.0,922
JN897398.1,NC_010247.1,68.659,2677,619,121,840,3433,802,3341,0.0,846
JF416960.1,JF416960.1,100.000,10694,0,0,1,10694,1,10694,0.0,15893
JF416960.1,NC_005062.1,72.187,10995,2460,380,5,10694,86,10787,0.0,4860
JF416960.1,NC_001672.1,72.419,10569,2421,313,5,10332,86,10401,0.0,4780
JF416960.1,NC_001809.1,71.648,11082,2457,391,5,10694,83,10871,0.0,4725
JF416960.1,NC_023424.1,66.729,5927,1384,387,4636,10256,4710,10354,0.0,1346
NC_016997.1,NC_016997.1,100.000,10791,0,0,1,10791,1,10791,0.0,16038
NC_016997.1,NC_017086.1,66.719,10742,2551,633,543,10791,523,10733,0.0,2503
NC_016997.1,NC_009026.2,63.981,6044,1447,463,4638,10328,4611,10277,0.0,750
NC_016997.1,NC_001437.1,66.428,2791,616,189,7756,10387,7708,10336,8.20e-179,626
NC_016997.1,NC_000943.1,66.339,2852,652,192,7687,10387,7648,10342,3.96e-176,618
NC_016993.1,NC_016993.1,100.000,26689,0,0,1,26689,1,26689,0.0,39662
NC_016993.1,NC_011550.1,81.965,16180,2705,149,3270,19341,3428,19502,0.0,13141
NC_016993.1,NC_016992.1,76.595,21226,4182,556,3325,24172,3312,24129,0.0,12855
NC_016993.1,NC_016990.2,78.070,16261,3097,332,3333,19354,3303,19333,0.0,10773
NC_016993.1,NC_011549.1,72.978,13071,2835,451,3286,16006,3258,15981,0.0,6151
NC_016994.1,NC_016994.1,100.000,26077,0,0,1,26077,1,26077,0.0,38752
NC_016994.1,NC_016996.1,66.926,14764,3077,1047,5467,19322,5237,19102,0.0,3587
NC_016994.1,NC_011549.1,66.298,14554,3130,1024,5753,19417,5869,19536,0.0,3205
NC_016994.1,NC_016991.1,67.248,12329,2636,814,7689,19298,7730,19375,0.0,3154
NC_016994.1,NC_011550.1,68.158,10279,2224,610,9453,19259,9755,19456,0.0,2991
NC_016995.1,NC_016995.1,100.000,26227,0,0,1,26227,1,26227,0.0,38975
NC_016995.1,NC_016996.1,66.932,14186,3058,950,5577,18837,5629,19106,0.0,3457
NC_016995.1,NC_016994.1,66.188,13850,3023,976,5681,18602,5964,19081,0.0,2968
NC_016995.1,NC_011549.1,67.936,10323,2293,599,9180,18905,9616,19518,0.0,2910
NC_016995.1,NC_016991.1,67.998,10215,2300,573,9180,18816,9552,19375,0.0,2906
NC_016996.1,NC_016996.1,100.000,26223,0,0,1,26223,1,26223,0.0,38969
NC_016996.1,NC_011549.1,74.367,16674,3457,513,2840,19103,3185,19451,0.0,8746
NC_016996.1,NC_016991.1,73.086,16731,3554,585,2962,19174,3172,19471,0.0,7972
NC_016996.1,NC_011550.1,71.349,13127,2947,497,2917,15639,3448,16164,0.0,5402
NC_016996.1,NC_016990.2,70.641,13127,3004,503,2906,15604,3246,15950,0.0,5075
NC_016991.1,NC_016991.1,100.000,26041,0,0,1,26041,1,26041,0.0,38699
NC_016991.1,NC_011549.1,75.930,19647,3796,561,207,19400,288,19454,0.0,11489
NC_016991.1,NC_016996.1,73.093,16728,3558,584,3172,19471,2962,19174,0.0,7972
NC_016991.1,NC_016990.2,73.942,13186,2640,463,3069,15893,3201,15951,0.0,6735
NC_016991.1,NC_011550.1,74.040,13120,2717,437,3110,15927,3432,16164,0.0,6707
NC_016992.1,NC_016992.1,100.000,26083,0,0,1,26083,1,26083,0.0,38745
NC_016992.1,NC_016990.2,89.785,19393,1873,59,3,19353,10,19336,0.0,21463
NC_016992.1,NC_016993.1,76.599,21221,4190,551,3312,24129,3325,24172,0.0,12855
NC_016992.1,NC_011550.1,78.213,16294,3131,286,3265,19353,3439,19518,0.0,10918
NC_016992.1,NC_011549.1,74.200,13004,2777,366,3248,15968,3239,15947,0.0,6752
JQ347522.1,JQ347522.1,100.000,7656,0,0,1,7656,1,7656,0.0,11379
JQ347522.1,NC_024078.1,64.997,5948,1386,401,374,5985,373,5960,0.0,1028
JQ347522.1,KM254171.1,66.892,296,49,26,4539,4809,4027,4298,5.26e-13,75.6
JQ347522.1,NC_017936.1,64.215,503,104,47,1580,2047,1440,1901,9.06e-11,68.2
JQ347522.1,NC_006554.1,67.136,213,48,11,1723,1924,1574,1775,4.38e-08,59.3
JQ613567.1,JQ613567.1,100.000,7527,0,0,1,7527,1,7527,0.0,11187
JQ613567.1,JF781268.1,69.458,6997,1721,260,349,7080,487,7332,0.0,2383
JQ613567.1,AF504671.2,67.921,5446,1308,283,500,5718,521,5754,0.0,1511
JQ613567.1,NC_029646.1,67.644,5458,1317,285,500,5724,521,5762,0.0,1462
JQ613567.1,NC_001959.2,65.529,3487,845,240,2587,5884,2887,6205,5.70e-179,626
NC_017936.1,NC_017936.1,100.000,7696,0,0,1,7696,1,7696,0.0,11438
NC_017936.1,NC_006554.1,64.060,1074,258,83,3636,4648,3597,4603,2.41e-31,136
NC_017936.1,NC_000940.1,65.810,506,109,37,1415,1890,1361,1832,1.67e-21,103
NC_017936.1,NC_024078.1,63.834,553,106,56,1441,1940,1580,2091,9.11e-11,68.2
NC_017936.1,JQ347522.1,64.215,503,104,47,1440,1901,1580,2047,9.11e-11,68.2
NC_017937.1,NC_017937.1,100.000,15276,0,0,1,15276,1,15276,0.0,22702
NC_017937.1,NC_005339.1,68.452,6216,1415,347,8534,14476,9908,15850,0.0,1843
NC_017937.1,NC_007454.1,65.602,4227,1000,276,9246,13242,12918,16920,0.0,809
NC_017937.1,NC_007803.1,65.850,3798,891,248,9611,13241,13619,17177,0.0,760
NC_017937.1,NC_025355.1,65.597,3802,862,260,9627,13240,13573,17116,0.0,738
JQ814851.1,JQ814851.1,100.000,8468,0,0,1,8468,1,8468,0.0,12586
JQ814851.1,NC_026470.1,68.367,588,136,27,5155,5717,4821,5383,3.61e-45,182
JQ814851.1,NC_009996.1,74.033,181,38,5,5317,5492,4300,4476,3.18e-19,96.5
JQ814851.1,NC_004004.1,65.265,452,117,27,5209,5637,4683,5117,2.65e-14,80.1
JQ814851.1,KU254596.1,65.405,370,77,26,5170,5518,4402,4741,5.82e-13,75.6
JQ814852.1,JQ814852.1,100.000,7543,0,0,1,7543,1,7543,0.0,11211
JQ814852.1,NC_015941.1,64.345,7898,1743,596,3,7365,184,7543,0.0,1188
JQ814852.1,NC_015934.1,64.200,3581,902,208,3974,7353,4110,7511,3.10e-151,534
JQ814852.1,FJ445188.1,64.068,1347,301,106,6013,7284,5866,7104,1.15e-45,184
JQ814852.1,KU254596.1,63.224,1588,365,126,5809,7299,5801,7266,9.55e-41,167
NC_018071.1,NC_018071.1,100.000,2584,0,0,1,2584,1,2584,0.0,3842
NC_018071.1,NC_003624.1,82.258,62,5,5,1447,1504,1782,1723,7.04e-06,50.4
NC_018071.1,NC_003619.1,77.778,63,5,3,1447,1509,1940,1887,1.55e-04,45.9
NC_018071.1,NC_026619.1,78.125,64,7,4,1447,1505,1425,1486,4.33e-04,44.4
NC_018071.1,NC_024767.1,85.714,35,2,2,2380,2412,3797,3764,0.21,35.5
JQ685901.1,JQ685901.1,100.000,11924,0,0,1,11924,1,11924,0.0,17721
JQ685901.1,JQ685968.1,85.043,11961,1714,46,1,11924,1,11923,0.0,11117
JQ685901.1,KF620489.1,80.890,12020,2104,121,1,11924,1,11923,0.0,9297
JQ685901.1,KF154997.1,80.938,11982,2167,84,1,11924,1,11923,0.0,9284
JQ685901.1,JQ685967.1,80.813,11998,2153,98,1,11924,1,11923,0.0,9244
JQ685967.1,JQ685967.1,100.000,11923,0,0,1,11923,1,11923,0.0,17720
JQ685967.1,KF154997.1,92.588,11926,878,6,1,11923,1,11923,0.0,14436
JQ685967.1,KF155002.1,92.161,11928,925,9,1,11923,1,11923,0.0,14247
JQ685967.1,JQ685970.1,90.193,11930,1156,12,1,11923,1,11923,0.0,13376
JQ685967.1,KM594039.1,90.286,11890,1136,15,23,11902,1,11881,0.0,13372
JQ685968.1,JQ685968.1,100.000,11923,0,0,1,11923,1,11923,0.0,17720
JQ685968.1,JQ685901.1,85.043,11961,1714,46,1,11923,1,11924,0.0,11117
JQ685968.1,JQ685967.1,80.404,11992,2212,101,1,11923,1,11923,0.0,9044
JQ685968.1,KF620489.1,80.238,12033,2158,136,1,11923,1,11923,0.0,9013
JQ685968.1,KF154997.1,80.018,12006,2233,117,1,11923,1,11923,0.0,8880
JQ685970.1,JQ685970.1,100.000,11923,0,0,1,11923,1,11923,0.0,17720
JQ685970.1,KF154997.1,90.243,11930,1150,12,1,11923,1,11923,0.0,13398
JQ685970.1,JQ685967.1,90.193,11930,1156,12,1,11923,1,11923,0.0,13376
JQ685970.1,KF155002.1,90.102,11932,1163,16,1,11923,1,11923,0.0,13335
JQ685970.1,KM594039.1,89.333,11887,1241,21,23,11895,1,11874,0.0,12944
NC_017086.1,NC_017086.1,100.000,10733,0,0,1,10733,1,10733,0.0,15951
NC_017086.1,NC_016997.1,66.710,10739,2557,627,523,10733,543,10791,0.0,2503
NC_017086.1,NC_009026.2,66.740,2709,650,159,7901,10493,7898,10471,3.71e-180,631
NC_017086.1,NC_000943.1,66.253,2741,624,174,7692,10283,7697,10285,4.18e-172,604
NC_017086.1,NC_007580.2,66.289,2646,652,147,7758,10283,7748,10273,2.14e-165,582
NC_018382.1,NC_018382.1,100.000,6796,0,0,1,6796,1,6796,0.0,10101
NC_018382.1,AB097811.1,66.450,1076,262,64,4996,6020,5533,6560,2.90e-62,239
NC_018382.1,NC_023425.1,64.617,1529,355,111,2879,4311,2702,4140,8.13e-62,237
NC_018382.1,EU375463.1,68.621,631,148,26,4996,5601,5521,6126,1.58e-51,203
NC_018382.1,M74506.1,64.986,1091,264,69,4988,6020,5456,6486,1.68e-47,190
NC_018702.1,NC_018702.1,100.000,6838,0,0,1,6838,1,6838,0.0,10163
NC_018702.1,NC_023675.1,66.549,2266,559,119,2948,5121,2745,4903,3.80e-148,524
NC_018702.1,NC_016896.1,66.384,2121,490,127,3019,5031,2846,4851,1.27e-135,482
NC_018702.1,NC_023629.1,63.498,2293,568,155,2899,5058,2578,4734,1.18e-71,270
NC_018702.1,NC_022249.1,65.435,1380,286,112,2999,4277,2971,4260,1.25e-67,256
NC_018710.1,NC_018710.1,100.000,3419,0,0,1,3419,1,3419,0.0,5083
NC_018710.1,NC_004294.1,72.061,3504,764,124,1,3417,1,3376,0.0,1548
NC_018710.1,EU136038.1,72.167,3309,757,95,98,3321,1,3230,0.0,1478
NC_018710.1,NC_007903.1,67.190,2737,617,180,750,3331,721,3331,0.0,674
NC_018710.1,NC_016152.1,64.862,3583,750,272,1,3333,1,3324,2.02e-178,623
NC_018713.1,NC_018713.1,100.000,12292,0,0,1,12292,1,12292,0.0,18268
NC_018713.1,KM408491.1,85.971,12317,1667,47,1,12292,1,12281,0.0,11860
NC_018713.1,NC_002657.1,73.680,12538,2816,307,1,12291,1,12301,0.0,6278
NC_018713.1,NC_003679.1,73.254,12589,2814,335,1,12292,1,12333,0.0,6114
NC_018713.1,NC_012812.1,70.001,12777,2907,551,1,12291,1,12337,0.0,4625
NC_019026.1,NC_019026.1,100.000,6581,0,0,1,6581,1,6581,0.0,9782
NC_019026.1,NC_013060.1,73.544,6747,1437,220,3,6573,4,6578,0.0,3328
NC_019026.1,NC_013443.1,70.225,5612,1293,234,1,5407,1,5439,0.0,2066
NC_019026.1,NC_019027.1,69.485,5607,1265,262,10,5383,9,5402,0.0,1919
NC_019026.1,NC_024472.1,68.511,5459,1282,248,156,5385,163,5413,0.0,1684
NC_019027.1,NC_019027.1,100.000,6518,0,0,1,6518,1,6518,0.0,9688
NC_019027.1,NC_013443.1,72.928,6697,1468,231,1,6516,2,6534,0.0,3132
NC_019027.1,NC_013060.1,69.766,5593,1273,256,14,5402,16,5394,0.0,1961
NC_019027.1,NC_019026.1,69.490,5608,1263,264,9,5402,10,5383,0.0,1919
NC_019027.1,NC_024472.1,67.731,5950,1426,287,128,5833,131,5830,0.0,1652
NC_019028.1,NC_019028.1,100.000,6124,0,0,1,6124,1,6124,0.0,9102
NC_019028.1,NC_011400.1,75.217,6214,1280,160,1,6069,1,6099,0.0,3471
NC_019028.1,NC_026814.1,66.081,1480,356,97,2456,3855,2796,4209,4.26e-81,301
NC_019028.1,NC_033792.1,65.266,1428,310,105,2527,3849,2843,4189,6.50e-70,264
NC_019028.1,NC_016896.1,65.952,1213,289,74,2528,3675,2785,3938,2.46e-66,252
NC_019494.1,NC_019494.1,100.000,6460,0,0,1,6460,1,6460,0.0,9602
NC_019494.1,NC_019027.1,66.029,4336,1023,252,1194,5274,1258,5398,0.0,933
NC_019494.1,NC_024701.1,65.851,4334,985,266,1134,5202,1177,5280,0.0,916
NC_019494.1,NC_024472.1,65.578,4256,979,275,1291,5273,1361,5403,0.0,836
NC_019494.1,NC_019026.1,65.274,4190,970,252,1279,5202,1337,5307,0.0,809
NC_019531.1,NC_019531.1,100.000,15048,0,0,1,15048,1,15048,0.0,22363
NC_019531.1,NC_025373.1,65.724,1167,263,88,187,1284,174,1272,1.51e-56,221
NC_019531.1,NC_025350.1,68.772,285,57,20,10241,10509,10377,10645,9.76e-17,89.0
NC_019531.1,NC_025347.1,68.498,273,58,20,9892,10151,10009,10266,4.72e-14,80.1
NC_019531.1,NC_025407.1,65.035,429,102,28,11902,12306,13524,13928,3.70e-13,77.1
NC_019712.1,NC_019712.1,100.000,8427,0,0,1,8427,1,8427,0.0,12525
NC_019712.1,NC_027122.1,69.167,8478,1849,467,332,8421,276,8376,0.0,2763
NC_019712.1,NC_004542.1,65.861,5545,1325,350,590,5847,534,5797,0.0,1111
NC_019712.1,U15301.2,64.265,6246,1376,503,1245,7077,1104,6906,0.0,881
NC_019712.1,NC_004541.1,63.377,6231,1439,472,1245,7067,1088,6883,0.0,708
NC_020803.1,NC_020803.1,100.000,11487,0,0,1,11487,1,11487,0.0,17072
NC_020803.1,NC_008514.1,65.354,4953,1087,340,5765,10438,5829,10431,0.0,949
NC_020803.1,KP876483.1,65.366,4920,1113,327,5765,10423,5829,10418,0.0,936
NC_020803.1,NC_025371.1,65.556,3812,842,279,5746,9338,5390,8949,0.0,725
NC_020803.1,NC_002803.1,65.769,3380,787,212,5746,8958,5322,8498,0.0,686
NC_020806.1,NC_020806.1,100.000,11088,0,0,1,11088,1,11088,0.0,16479
NC_020806.1,NC_025353.1,66.544,5150,1221,313,5371,10269,5349,10247,0.0,1161
NC_020806.1,NC_001560.1,66.372,5320,1267,330,5375,10433,5415,10473,0.0,1158
NC_020806.1,NC_022755.1,65.991,4690,1140,283,5369,9838,5051,9505,0.0,964
NC_020806.1,NC_025376.1,65.714,3882,878,264,5503,9162,5541,9191,0.0,771
NC_020807.1,NC_020807.1,100.000,12016,0,0,1,12016,1,12016,0.0,17858
NC_020807.1,NC_025365.1,75.397,6613,1470,114,5485,12016,5509,12045,0.0,3732
NC_020807.1,NC_025385.1,72.595,6506,1519,182,5485,11858,5387,11760,0.0,2971
NC_020807.1,NC_009527.1,72.333,6571,1558,169,5422,11864,5390,11828,0.0,2955
NC_020807.1,NC_020808.1,72.208,6671,1561,200,5485,12016,5402,11918,0.0,2948
NC_020808.1,NC_020808.1,100.000,11918,0,0,1,11918,1,11918,0.0,17712
NC_020808.1,NC_025385.1,77.134,12066,2448,200,1,11918,1,11903,0.0,7616
NC_020808.1,NC_009528.2,76.530,12079,2525,194,1,11918,1,11930,0.0,7362
NC_020808.1,NC_025251.1,75.919,12076,2574,210,1,11918,1,11900,0.0,7080
NC_020808.1,NC_009527.1,75.114,12031,2555,266,1,11788,1,11835,0.0,6688
NC_020809.1,NC_020809.1,100.000,11980,0,0,1,11980,1,11980,0.0,17804
NC_020809.1,NC_009527.1,76.067,12163,2531,248,1,11980,1,11966,0.0,7175
NC_020809.1,NC_025385.1,76.087,6645,1455,102,5402,11980,5327,11903,0.0,3921
NC_020809.1,NC_020808.1,75.831,6649,1470,100,5400,11980,5339,11918,0.0,3866
NC_020809.1,NC_020810.1,75.481,6607,1501,77,5434,11980,5429,11976,0.0,3775
NC_020810.1,NC_020810.1,100.000,11976,0,0,1,11976,1,11976,0.0,17795
NC_020810.1,NC_009527.1,75.679,12195,2518,291,1,11976,1,11966,0.0,7007
NC_020810.1,NC_020809.1,75.481,6607,1501,77,5429,11976,5434,11980,0.0,3775
NC_020810.1,NC_009528.2,74.981,6635,1482,119,5430,11976,5386,11930,0.0,3652
NC_020810.1,NC_025385.1,74.943,6581,1486,111,5477,11976,5405,11903,0.0,3612
NC_021069.1,NC_021069.1,100.000,10865,0,0,1,10865,1,10865,0.0,16134
NC_021069.1,NC_012671.1,83.802,10884,1725,33,1,10865,1,10865,0.0,9612
NC_021069.1,NC_008604.2,68.891,10968,2598,501,298,10865,284,10837,0.0,3494
NC_021069.1,NC_001564.2,71.018,2053,486,69,298,2294,287,2286,0.0,821
NC_021069.1,NC_027819.1,66.667,2538,620,141,7606,10030,7715,10139,7.30e-170,597
NC_021153.1,NC_021153.1,100.000,8879,0,0,1,8879,1,8879,0.0,13196
NC_021153.1,NC_025672.1,63.489,3147,755,252,2816,5762,2684,5636,5.50e-89,328
NC_021153.1,NC_025673.1,65.103,1407,355,90,7141,8480,7069,8406,2.98e-61,236
NC_021153.1,NC_026797.1,64.489,704,151,53,3667,4319,3531,4186,1.43e-24,114
NC_021153.1,NC_004102.1,66.106,357,79,30,4131,4465,4497,4833,3.76e-11,69.7
NC_008250.2,NC_008250.2,100.000,7711,0,0,1,7711,1,7711,0.0,11461
NC_008250.2,NC_023985.1,62.177,2049,431,191,5832,7708,7100,8976,3.08e-32,139
NC_008250.2,NC_024766.1,76.106,113,21,4,6444,6554,6195,6303,9.13e-11,68.2
NC_008250.2,NC_025432.1,73.643,129,30,3,6439,6565,5710,5836,2.56e-10,66.7
NC_008250.2,NC_024767.1,64.224,464,102,40,4461,4891,4055,4487,2.01e-09,63.8
KF154997.1,KF154997.1,100.000,11923,0,0,1,11923,1,11923,0.0,17720
KF154997.1,KF155002.1,93.077,11931,810,15,1,11923,1,11923,0.0,14653
KF154997.1,JQ685967.1,92.588,11926,878,6,1,11923,1,11923,0.0,14436
KF154997.1,JQ685970.1,90.243,11930,1150,12,1,11923,1,11923,0.0,13398
KF154997.1,KM594039.1,90.183,11888,1152,11,23,11902,1,11881,0.0,13327
KF155002.1,KF155002.1,100.000,11923,0,0,1,11923,1,11923,0.0,17720
KF155002.1,KF154997.1,93.077,11932,808,17,1,11923,1,11923,0.0,14653
KF155002.1,JQ685967.1,92.161,11928,925,9,1,11923,1,11923,0.0,14247
KF155002.1,JQ685970.1,90.102,11932,1163,16,1,11923,1,11923,0.0,13335
KF155002.1,KM594039.1,90.081,11886,1168,11,23,11902,1,11881,0.0,13277
NC_018381.2,NC_018381.2,100.000,13467,0,0,1,13467,1,13467,0.0,20014
NC_018381.2,NC_011532.1,64.511,2953,706,219,8198,10975,7664,10449,2.51e-118,426
NC_018381.2,NC_007642.1,63.673,3518,826,283,7685,10975,7053,10345,7.91e-110,398
NC_018381.2,NC_002251.1,63.755,458,90,43,8197,8616,7945,8364,7.72e-08,59.3
NC_018381.2,NC_020807.1,68.966,174,43,7,8428,8597,7083,7249,2.16e-07,57.8
NC_001906.3,NC_001906.3,100.000,18234,0,0,1,18234,1,18234,0.0,27098
NC_001906.3,NC_025256.1,64.924,6486,1473,504,11424,17499,11693,17786,0.0,1035
NC_001906.3,NC_025352.1,65.876,4595,1059,308,11893,16245,11979,16306,0.0,925
NC_001906.3,NC_025351.1,65.705,4161,1024,283,13500,17463,13443,17397,0.0,763
NC_001906.3,NC_025355.1,66.681,2251,564,121,13531,15688,14422,16579,2.24e-146,519
